INFO:	[2021/06/29 15:00:23.012]	"批次号[dz210501]查询错误，错误原因：列名 '丛书卷号' 无效。 列名 '订单年' 无效。"
INFO:	[2021/06/29 15:00:39.582]	"打开文件夹夹[C:/Users/Administrator/Documents]"
INFO:	[2021/06/29 15:00:39.867]	"[2106ET99964]已经上传过文件，自动忽略。"
INFO:	[2021/06/29 15:00:39.868]	"[2106ET99962]已经上传过文件，自动忽略。"
INFO:	[2021/06/29 15:00:39.869]	"[2106ET99961]已经上传过文件，自动忽略。"
INFO:	[2021/06/29 15:00:39.870]	"[2106ET99960]已经上传过文件，自动忽略。"
INFO:	[2021/06/29 15:02:16.864]	"打开文件[E:/BUG追踪/接收登记/图书清单.xlsx]"
INFO:	[2021/06/29 15:02:30.774]	"打开文件[E:/code/build-excel_import-Desktop_Qt_5_15_2_MSVC2019_32bit-Debug/test.xlsx]"
INFO:	[2021/06/29 15:02:36.717]	"[1-光头强]导入成功！"
INFO:	[2021/06/29 15:02:43.078]	"打开文件夹夹[C:/Users/Administrator/Documents]"
INFO:	[2021/06/29 15:02:43.328]	"[2106ET99964]已经上传过文件，自动忽略。"
INFO:	[2021/06/29 15:02:43.329]	"[2106ET99962]已经上传过文件，自动忽略。"
INFO:	[2021/06/29 15:02:43.331]	"[2106ET99961]已经上传过文件，自动忽略。"
INFO:	[2021/06/29 15:02:43.332]	"[2106ET99960]已经上传过文件，自动忽略。"
INFO:	[2021/06/29 15:02:43.361]	"[2106ET99959]执行存储过程[Proc_文件_DeleteFile]成功！"
INFO:	[2021/06/29 15:02:43.465]	"连接文件服务器[218.26.30.70]成功！"
INFO:	[2021/06/29 15:02:43.467]	"[2106ET99959 1020155832.0007.tif]开始上传到文件服务器！"
INFO:	[2021/06/29 15:02:45.388]	"[2106ET99959 1020155832.0007.tif]上传到文件服务器成功！"
INFO:	[2021/06/29 15:02:45.436]	"[1020155832.0007.tif]执行[Proc_文件_InsertOneFile]成功！"
INFO:	[2021/06/29 15:02:45.446]	"[2106ET99959 1020155832.0007.tif]执行[Proc_文件_InsertOneFile]成功！"
INFO:	[2021/06/29 15:02:45.475]	"[2106ET99959 1020155832.0008.tif]开始上传到文件服务器！"
INFO:	[2021/06/29 15:02:47.156]	"[2106ET99959 1020155832.0008.tif]上传到文件服务器成功！"
INFO:	[2021/06/29 15:02:47.207]	"[1020155832.0008.tif]执行[Proc_文件_InsertOneFile]成功！"
INFO:	[2021/06/29 15:02:47.209]	"[2106ET99959 1020155832.0008.tif]执行[Proc_文件_InsertOneFile]成功！"
INFO:	[2021/06/29 15:02:47.241]	"[2106ET99959 1020155832.0009.tif]开始上传到文件服务器！"
INFO:	[2021/06/29 15:02:48.928]	"[2106ET99959 1020155832.0009.tif]上传到文件服务器成功！"
INFO:	[2021/06/29 15:02:48.979]	"[1020155832.0009.tif]执行[Proc_文件_InsertOneFile]成功！"
INFO:	[2021/06/29 15:02:48.981]	"[2106ET99959 1020155832.0009.tif]执行[Proc_文件_InsertOneFile]成功！"
INFO:	[2021/06/29 15:02:49.012]	"[2106ET99959 1020155832.0011.tif]开始上传到文件服务器！"
INFO:	[2021/06/29 15:02:52.467]	"[2106ET99959 1020155832.0011.tif]上传到文件服务器成功！"
INFO:	[2021/06/29 15:02:52.518]	"[1020155832.0011.tif]执行[Proc_文件_InsertOneFile]成功！"
INFO:	[2021/06/29 15:02:52.520]	"[2106ET99959 1020155832.0011.tif]执行[Proc_文件_InsertOneFile]成功！"
INFO:	[2021/06/29 15:02:52.555]	"[2106ET99959]执行[Proc_接收登记_UpdateInfo]成功！"
INFO:	[2021/06/29 15:02:56.196]	"[2106ET99959]-《光头强》篇提交失败，原因：将截断字符串或二进制数据。 1125 语句已终止。"
INFO:	[2021/06/29 15:03:06.338]	"[2106ET99960]-《一分辑测试》篇提交失败，原因：将截断字符串或二进制数据。 1125 语句已终止。"
INFO:	[2021/06/29 15:03:09.620]	"[dz210501]-批提交失败，原因：批次号【dz210501】有未提交任务，请先处理篇任务！"
